Started at Wed Mar 02 03:38:06 UTC 2022
Processing 1.build
Offering 1.build to Project Build Discarder
Processing 2.deploy
Offering 2.deploy to Project Build Discarder
Processing 3.test
Offering 3.test to Project Build Discarder
Processing b
Offering b to Project Build Discarder
Processing b.d
Offering b.d to Project Build Discarder
Processing b.d.t
Offering b.d.t to Project Build Discarder
Processing build
Offering build to Project Build Discarder
Processing build.deploy
Offering build.deploy to Project Build Discarder
Processing build.deploy.test
Offering build.deploy.test to Project Build Discarder
Processing cproject
Offering cproject to Project Build Discarder
Processing projectcprog
Offering projectcprog to Project Build Discarder
Finished at Wed Mar 02 03:38:06 UTC 2022. 4ms
Started at Wed Mar 02 04:38:06 UTC 2022
Processing 1.build
Offering 1.build to Project Build Discarder
Processing 2.deploy
Offering 2.deploy to Project Build Discarder
Processing 3.test
Offering 3.test to Project Build Discarder
Processing b
Offering b to Project Build Discarder
Processing b.d
Offering b.d to Project Build Discarder
Processing b.d.t
Offering b.d.t to Project Build Discarder
Processing build
Offering build to Project Build Discarder
Processing build.deploy
Offering build.deploy to Project Build Discarder
Processing build.deploy.test
Offering build.deploy.test to Project Build Discarder
Processing cproject
Offering cproject to Project Build Discarder
Processing projectcprog
Offering projectcprog to Project Build Discarder
Finished at Wed Mar 02 04:38:06 UTC 2022. 1ms
Started at Wed Mar 02 05:38:06 UTC 2022
Processing 1.build
Offering 1.build to Project Build Discarder
Processing 2.deploy
Offering 2.deploy to Project Build Discarder
Processing 3.test
Offering 3.test to Project Build Discarder
Processing b
Offering b to Project Build Discarder
Processing b.d
Offering b.d to Project Build Discarder
Processing b.d.t
Offering b.d.t to Project Build Discarder
Processing build
Offering build to Project Build Discarder
Processing build.deploy
Offering build.deploy to Project Build Discarder
Processing build.deploy.test
Offering build.deploy.test to Project Build Discarder
Processing cproject
Offering cproject to Project Build Discarder
Processing projectcprog
Offering projectcprog to Project Build Discarder
Finished at Wed Mar 02 05:38:06 UTC 2022. 2ms
Started at Wed Mar 02 06:38:06 UTC 2022
Processing 1.build
Offering 1.build to Project Build Discarder
Processing 2.deploy
Offering 2.deploy to Project Build Discarder
Processing 3.test
Offering 3.test to Project Build Discarder
Processing b
Offering b to Project Build Discarder
Processing b.d
Offering b.d to Project Build Discarder
Processing b.d.t
Offering b.d.t to Project Build Discarder
Processing build
Offering build to Project Build Discarder
Processing build.deploy
Offering build.deploy to Project Build Discarder
Processing build.deploy.test
Offering build.deploy.test to Project Build Discarder
Processing cproject
Offering cproject to Project Build Discarder
Processing projectcprog
Offering projectcprog to Project Build Discarder
Finished at Wed Mar 02 06:38:06 UTC 2022. 3ms
Started at Wed Mar 02 07:38:06 UTC 2022
Processing 1.build
Offering 1.build to Project Build Discarder
Processing 2.deploy
Offering 2.deploy to Project Build Discarder
Processing 3.test
Offering 3.test to Project Build Discarder
Processing b
Offering b to Project Build Discarder
Processing b.d
Offering b.d to Project Build Discarder
Processing b.d.t
Offering b.d.t to Project Build Discarder
Processing build
Offering build to Project Build Discarder
Processing build.deploy
Offering build.deploy to Project Build Discarder
Processing build.deploy.test
Offering build.deploy.test to Project Build Discarder
Processing cproject
Offering cproject to Project Build Discarder
Processing new
Offering new to Project Build Discarder
Processing projectcprog
Offering projectcprog to Project Build Discarder
Finished at Wed Mar 02 07:38:06 UTC 2022. 2ms
